ARM GAS  C:\Users\Nicolas\AppData\Local\Temp\ccTUVgXc.s 			page 1


   1              		.cpu cortex-m0plus
   2              		.eabi_attribute 20, 1
   3              		.eabi_attribute 21, 1
   4              		.eabi_attribute 23, 3
   5              		.eabi_attribute 24, 1
   6              		.eabi_attribute 25, 1
   7              		.eabi_attribute 26, 1
   8              		.eabi_attribute 30, 1
   9              		.eabi_attribute 34, 0
  10              		.eabi_attribute 18, 4
  11              		.file	"stm32l0xx_it.c"
  12              		.text
  13              	.Ltext0:
  14              		.cfi_sections	.debug_frame
  15              		.section	.text.NMI_Handler,"ax",%progbits
  16              		.align	1
  17              		.global	NMI_Handler
  18              		.syntax unified
  19              		.code	16
  20              		.thumb_func
  21              		.fpu softvfp
  23              	NMI_Handler:
  24              	.LFB34:
  25              		.file 1 "Src/stm32l0xx_it.c"
   1:Src/stm32l0xx_it.c **** /* USER CODE BEGIN Header */
   2:Src/stm32l0xx_it.c **** /**
   3:Src/stm32l0xx_it.c ****   ******************************************************************************
   4:Src/stm32l0xx_it.c ****   * @file    stm32l0xx_it.c
   5:Src/stm32l0xx_it.c ****   * @brief   Interrupt Service Routines.
   6:Src/stm32l0xx_it.c ****   ******************************************************************************
   7:Src/stm32l0xx_it.c ****   *
   8:Src/stm32l0xx_it.c ****   * COPYRIGHT(c) 2019 STMicroelectronics
   9:Src/stm32l0xx_it.c ****   *
  10:Src/stm32l0xx_it.c ****   * Redistribution and use in source and binary forms, with or without modification,
  11:Src/stm32l0xx_it.c ****   * are permitted provided that the following conditions are met:
  12:Src/stm32l0xx_it.c ****   *   1. Redistributions of source code must retain the above copyright notice,
  13:Src/stm32l0xx_it.c ****   *      this list of conditions and the following disclaimer.
  14:Src/stm32l0xx_it.c ****   *   2. Redistributions in binary form must reproduce the above copyright notice,
  15:Src/stm32l0xx_it.c ****   *      this list of conditions and the following disclaimer in the documentation
  16:Src/stm32l0xx_it.c ****   *      and/or other materials provided with the distribution.
  17:Src/stm32l0xx_it.c ****   *   3. Neither the name of STMicroelectronics nor the names of its contributors
  18:Src/stm32l0xx_it.c ****   *      may be used to endorse or promote products derived from this software
  19:Src/stm32l0xx_it.c ****   *      without specific prior written permission.
  20:Src/stm32l0xx_it.c ****   *
  21:Src/stm32l0xx_it.c ****   * THIS SOFTWARE IS PROVIDED BY THE COPYRIGHT HOLDERS AND CONTRIBUTORS "AS IS"
  22:Src/stm32l0xx_it.c ****   * AND ANY EXPRESS OR IMPLIED WARRANTIES, INCLUDING, BUT NOT LIMITED TO, THE
  23:Src/stm32l0xx_it.c ****   * IMPLIED WARRANTIES OF MERCHANTABILITY AND FITNESS FOR A PARTICULAR PURPOSE ARE
  24:Src/stm32l0xx_it.c ****   * DISCLAIMED. IN NO EVENT SHALL THE COPYRIGHT HOLDER OR CONTRIBUTORS BE LIABLE
  25:Src/stm32l0xx_it.c ****   * FOR ANY DIRECT, INDIRECT, INCIDENTAL, SPECIAL, EXEMPLARY, OR CONSEQUENTIAL
  26:Src/stm32l0xx_it.c ****   * DAMAGES (INCLUDING, BUT NOT LIMITED TO, PROCUREMENT OF SUBSTITUTE GOODS OR
  27:Src/stm32l0xx_it.c ****   * SERVICES; LOSS OF USE, DATA, OR PROFITS; OR BUSINESS INTERRUPTION) HOWEVER
  28:Src/stm32l0xx_it.c ****   * CAUSED AND ON ANY THEORY OF LIABILITY, WHETHER IN CONTRACT, STRICT LIABILITY,
  29:Src/stm32l0xx_it.c ****   * OR TORT (INCLUDING NEGLIGENCE OR OTHERWISE) ARISING IN ANY WAY OUT OF THE USE
  30:Src/stm32l0xx_it.c ****   * OF THIS SOFTWARE, EVEN IF ADVISED OF THE POSSIBILITY OF SUCH DAMAGE.
  31:Src/stm32l0xx_it.c ****   *
  32:Src/stm32l0xx_it.c ****   ******************************************************************************
  33:Src/stm32l0xx_it.c ****   */
ARM GAS  C:\Users\Nicolas\AppData\Local\Temp\ccTUVgXc.s 			page 2


  34:Src/stm32l0xx_it.c **** /* USER CODE END Header */
  35:Src/stm32l0xx_it.c **** 
  36:Src/stm32l0xx_it.c **** /* Includes ------------------------------------------------------------------*/
  37:Src/stm32l0xx_it.c **** #include "main.h"
  38:Src/stm32l0xx_it.c **** #include "stm32l0xx_it.h"
  39:Src/stm32l0xx_it.c **** /* Private includes ----------------------------------------------------------*/
  40:Src/stm32l0xx_it.c **** /* USER CODE BEGIN Includes */
  41:Src/stm32l0xx_it.c **** /* USER CODE END Includes */
  42:Src/stm32l0xx_it.c **** 
  43:Src/stm32l0xx_it.c **** /* Private typedef -----------------------------------------------------------*/
  44:Src/stm32l0xx_it.c **** /* USER CODE BEGIN TD */
  45:Src/stm32l0xx_it.c **** 
  46:Src/stm32l0xx_it.c **** /* USER CODE END TD */
  47:Src/stm32l0xx_it.c **** 
  48:Src/stm32l0xx_it.c **** /* Private define ------------------------------------------------------------*/
  49:Src/stm32l0xx_it.c **** /* USER CODE BEGIN PD */
  50:Src/stm32l0xx_it.c ****  
  51:Src/stm32l0xx_it.c **** /* USER CODE END PD */
  52:Src/stm32l0xx_it.c **** 
  53:Src/stm32l0xx_it.c **** /* Private macro -------------------------------------------------------------*/
  54:Src/stm32l0xx_it.c **** /* USER CODE BEGIN PM */
  55:Src/stm32l0xx_it.c **** 
  56:Src/stm32l0xx_it.c **** /* USER CODE END PM */
  57:Src/stm32l0xx_it.c **** 
  58:Src/stm32l0xx_it.c **** /* Private variables ---------------------------------------------------------*/
  59:Src/stm32l0xx_it.c **** /* USER CODE BEGIN PV */
  60:Src/stm32l0xx_it.c **** 
  61:Src/stm32l0xx_it.c **** /* USER CODE END PV */
  62:Src/stm32l0xx_it.c **** 
  63:Src/stm32l0xx_it.c **** /* Private function prototypes -----------------------------------------------*/
  64:Src/stm32l0xx_it.c **** /* USER CODE BEGIN PFP */
  65:Src/stm32l0xx_it.c **** 
  66:Src/stm32l0xx_it.c **** /* USER CODE END PFP */
  67:Src/stm32l0xx_it.c **** 
  68:Src/stm32l0xx_it.c **** /* Private user code ---------------------------------------------------------*/
  69:Src/stm32l0xx_it.c **** /* USER CODE BEGIN 0 */
  70:Src/stm32l0xx_it.c **** 
  71:Src/stm32l0xx_it.c **** /* USER CODE END 0 */
  72:Src/stm32l0xx_it.c **** 
  73:Src/stm32l0xx_it.c **** /* External variables --------------------------------------------------------*/
  74:Src/stm32l0xx_it.c **** extern I2C_HandleTypeDef hi2c1;
  75:Src/stm32l0xx_it.c **** extern UART_HandleTypeDef huart2;
  76:Src/stm32l0xx_it.c **** /* USER CODE BEGIN EV */
  77:Src/stm32l0xx_it.c **** 
  78:Src/stm32l0xx_it.c **** /* USER CODE END EV */
  79:Src/stm32l0xx_it.c **** 
  80:Src/stm32l0xx_it.c **** /******************************************************************************/
  81:Src/stm32l0xx_it.c **** /*           Cortex-M0+ Processor Interruption and Exception Handlers          */ 
  82:Src/stm32l0xx_it.c **** /******************************************************************************/
  83:Src/stm32l0xx_it.c **** /**
  84:Src/stm32l0xx_it.c ****   * @brief This function handles Non maskable interrupt.
  85:Src/stm32l0xx_it.c ****   */
  86:Src/stm32l0xx_it.c **** void NMI_Handler(void)
  87:Src/stm32l0xx_it.c **** {
  26              		.loc 1 87 0
  27              		.cfi_startproc
  28              		@ args = 0, pretend = 0, frame = 0
ARM GAS  C:\Users\Nicolas\AppData\Local\Temp\ccTUVgXc.s 			page 3


  29              		@ frame_needed = 0, uses_anonymous_args = 0
  30              		@ link register save eliminated.
  88:Src/stm32l0xx_it.c ****   /* USER CODE BEGIN NonMaskableInt_IRQn 0 */
  89:Src/stm32l0xx_it.c **** 
  90:Src/stm32l0xx_it.c ****   /* USER CODE END NonMaskableInt_IRQn 0 */
  91:Src/stm32l0xx_it.c ****   /* USER CODE BEGIN NonMaskableInt_IRQn 1 */
  92:Src/stm32l0xx_it.c **** 
  93:Src/stm32l0xx_it.c ****   /* USER CODE END NonMaskableInt_IRQn 1 */
  94:Src/stm32l0xx_it.c **** }
  31              		.loc 1 94 0
  32              		@ sp needed
  33 0000 7047     		bx	lr
  34              		.cfi_endproc
  35              	.LFE34:
  37              		.section	.text.HardFault_Handler,"ax",%progbits
  38              		.align	1
  39              		.global	HardFault_Handler
  40              		.syntax unified
  41              		.code	16
  42              		.thumb_func
  43              		.fpu softvfp
  45              	HardFault_Handler:
  46              	.LFB35:
  95:Src/stm32l0xx_it.c **** 
  96:Src/stm32l0xx_it.c **** /**
  97:Src/stm32l0xx_it.c ****   * @brief This function handles Hard fault interrupt.
  98:Src/stm32l0xx_it.c ****   */
  99:Src/stm32l0xx_it.c **** void HardFault_Handler(void)
 100:Src/stm32l0xx_it.c **** {
  47              		.loc 1 100 0
  48              		.cfi_startproc
  49              		@ Volatile: function does not return.
  50              		@ args = 0, pretend = 0, frame = 0
  51              		@ frame_needed = 0, uses_anonymous_args = 0
  52              		@ link register save eliminated.
  53              	.L3:
  54 0000 FEE7     		b	.L3
  55              		.cfi_endproc
  56              	.LFE35:
  58              		.section	.text.SVC_Handler,"ax",%progbits
  59              		.align	1
  60              		.global	SVC_Handler
  61              		.syntax unified
  62              		.code	16
  63              		.thumb_func
  64              		.fpu softvfp
  66              	SVC_Handler:
  67              	.LFB36:
 101:Src/stm32l0xx_it.c ****   /* USER CODE BEGIN HardFault_IRQn 0 */
 102:Src/stm32l0xx_it.c **** 
 103:Src/stm32l0xx_it.c ****   /* USER CODE END HardFault_IRQn 0 */
 104:Src/stm32l0xx_it.c ****   while (1)
 105:Src/stm32l0xx_it.c ****   {
 106:Src/stm32l0xx_it.c ****     /* USER CODE BEGIN W1_HardFault_IRQn 0 */
 107:Src/stm32l0xx_it.c ****     /* USER CODE END W1_HardFault_IRQn 0 */
 108:Src/stm32l0xx_it.c ****   }
 109:Src/stm32l0xx_it.c **** }
ARM GAS  C:\Users\Nicolas\AppData\Local\Temp\ccTUVgXc.s 			page 4


 110:Src/stm32l0xx_it.c **** 
 111:Src/stm32l0xx_it.c **** /**
 112:Src/stm32l0xx_it.c ****   * @brief This function handles System service call via SWI instruction.
 113:Src/stm32l0xx_it.c ****   */
 114:Src/stm32l0xx_it.c **** void SVC_Handler(void)
 115:Src/stm32l0xx_it.c **** {
  68              		.loc 1 115 0
  69              		.cfi_startproc
  70              		@ args = 0, pretend = 0, frame = 0
  71              		@ frame_needed = 0, uses_anonymous_args = 0
  72              		@ link register save eliminated.
 116:Src/stm32l0xx_it.c ****   /* USER CODE BEGIN SVC_IRQn 0 */
 117:Src/stm32l0xx_it.c **** 
 118:Src/stm32l0xx_it.c ****   /* USER CODE END SVC_IRQn 0 */
 119:Src/stm32l0xx_it.c ****   /* USER CODE BEGIN SVC_IRQn 1 */
 120:Src/stm32l0xx_it.c **** 
 121:Src/stm32l0xx_it.c ****   /* USER CODE END SVC_IRQn 1 */
 122:Src/stm32l0xx_it.c **** }
  73              		.loc 1 122 0
  74              		@ sp needed
  75 0000 7047     		bx	lr
  76              		.cfi_endproc
  77              	.LFE36:
  79              		.section	.text.PendSV_Handler,"ax",%progbits
  80              		.align	1
  81              		.global	PendSV_Handler
  82              		.syntax unified
  83              		.code	16
  84              		.thumb_func
  85              		.fpu softvfp
  87              	PendSV_Handler:
  88              	.LFB37:
 123:Src/stm32l0xx_it.c **** 
 124:Src/stm32l0xx_it.c **** /**
 125:Src/stm32l0xx_it.c ****   * @brief This function handles Pendable request for system service.
 126:Src/stm32l0xx_it.c ****   */
 127:Src/stm32l0xx_it.c **** void PendSV_Handler(void)
 128:Src/stm32l0xx_it.c **** {
  89              		.loc 1 128 0
  90              		.cfi_startproc
  91              		@ args = 0, pretend = 0, frame = 0
  92              		@ frame_needed = 0, uses_anonymous_args = 0
  93              		@ link register save eliminated.
 129:Src/stm32l0xx_it.c ****   /* USER CODE BEGIN PendSV_IRQn 0 */
 130:Src/stm32l0xx_it.c **** 
 131:Src/stm32l0xx_it.c ****   /* USER CODE END PendSV_IRQn 0 */
 132:Src/stm32l0xx_it.c ****   /* USER CODE BEGIN PendSV_IRQn 1 */
 133:Src/stm32l0xx_it.c **** 
 134:Src/stm32l0xx_it.c ****   /* USER CODE END PendSV_IRQn 1 */
 135:Src/stm32l0xx_it.c **** }
  94              		.loc 1 135 0
  95              		@ sp needed
  96 0000 7047     		bx	lr
  97              		.cfi_endproc
  98              	.LFE37:
 100              		.section	.text.SysTick_Handler,"ax",%progbits
 101              		.align	1
ARM GAS  C:\Users\Nicolas\AppData\Local\Temp\ccTUVgXc.s 			page 5


 102              		.global	SysTick_Handler
 103              		.syntax unified
 104              		.code	16
 105              		.thumb_func
 106              		.fpu softvfp
 108              	SysTick_Handler:
 109              	.LFB38:
 136:Src/stm32l0xx_it.c **** 
 137:Src/stm32l0xx_it.c **** /**
 138:Src/stm32l0xx_it.c ****   * @brief This function handles System tick timer.
 139:Src/stm32l0xx_it.c ****   */
 140:Src/stm32l0xx_it.c **** void SysTick_Handler(void)
 141:Src/stm32l0xx_it.c **** {
 110              		.loc 1 141 0
 111              		.cfi_startproc
 112              		@ args = 0, pretend = 0, frame = 0
 113              		@ frame_needed = 0, uses_anonymous_args = 0
 114 0000 10B5     		push	{r4, lr}
 115              	.LCFI0:
 116              		.cfi_def_cfa_offset 8
 117              		.cfi_offset 4, -8
 118              		.cfi_offset 14, -4
 142:Src/stm32l0xx_it.c ****   /* USER CODE BEGIN SysTick_IRQn 0 */
 143:Src/stm32l0xx_it.c **** 
 144:Src/stm32l0xx_it.c ****   /* USER CODE END SysTick_IRQn 0 */
 145:Src/stm32l0xx_it.c ****   HAL_IncTick();
 119              		.loc 1 145 0
 120 0002 FFF7FEFF 		bl	HAL_IncTick
 121              	.LVL0:
 146:Src/stm32l0xx_it.c ****   /* USER CODE BEGIN SysTick_IRQn 1 */
 147:Src/stm32l0xx_it.c **** 
 148:Src/stm32l0xx_it.c ****   /* USER CODE END SysTick_IRQn 1 */
 149:Src/stm32l0xx_it.c **** }
 122              		.loc 1 149 0
 123              		@ sp needed
 124 0006 10BD     		pop	{r4, pc}
 125              		.cfi_endproc
 126              	.LFE38:
 128              		.section	.text.I2C1_IRQHandler,"ax",%progbits
 129              		.align	1
 130              		.global	I2C1_IRQHandler
 131              		.syntax unified
 132              		.code	16
 133              		.thumb_func
 134              		.fpu softvfp
 136              	I2C1_IRQHandler:
 137              	.LFB39:
 150:Src/stm32l0xx_it.c **** 
 151:Src/stm32l0xx_it.c **** /******************************************************************************/
 152:Src/stm32l0xx_it.c **** /* STM32L0xx Peripheral Interrupt Handlers                                    */
 153:Src/stm32l0xx_it.c **** /* Add here the Interrupt Handlers for the used peripherals.                  */
 154:Src/stm32l0xx_it.c **** /* For the available peripheral interrupt handler names,                      */
 155:Src/stm32l0xx_it.c **** /* please refer to the startup file (startup_stm32l0xx.s).                    */
 156:Src/stm32l0xx_it.c **** /******************************************************************************/
 157:Src/stm32l0xx_it.c **** 
 158:Src/stm32l0xx_it.c **** /**
 159:Src/stm32l0xx_it.c ****   * @brief This function handles I2C1 event global interrupt / I2C1 wake-up interrupt through EXTI 
ARM GAS  C:\Users\Nicolas\AppData\Local\Temp\ccTUVgXc.s 			page 6


 160:Src/stm32l0xx_it.c ****   */
 161:Src/stm32l0xx_it.c **** void I2C1_IRQHandler(void)
 162:Src/stm32l0xx_it.c **** {
 138              		.loc 1 162 0
 139              		.cfi_startproc
 140              		@ args = 0, pretend = 0, frame = 0
 141              		@ frame_needed = 0, uses_anonymous_args = 0
 142 0000 10B5     		push	{r4, lr}
 143              	.LCFI1:
 144              		.cfi_def_cfa_offset 8
 145              		.cfi_offset 4, -8
 146              		.cfi_offset 14, -4
 163:Src/stm32l0xx_it.c ****   /* USER CODE BEGIN I2C1_IRQn 0 */
 164:Src/stm32l0xx_it.c **** 
 165:Src/stm32l0xx_it.c ****   /* USER CODE END I2C1_IRQn 0 */
 166:Src/stm32l0xx_it.c ****   if (hi2c1.Instance->ISR & (I2C_FLAG_BERR | I2C_FLAG_ARLO | I2C_FLAG_OVR)) {
 147              		.loc 1 166 0
 148 0002 074B     		ldr	r3, .L11
 149 0004 1B68     		ldr	r3, [r3]
 150 0006 9A69     		ldr	r2, [r3, #24]
 151 0008 E023     		movs	r3, #224
 152 000a DB00     		lsls	r3, r3, #3
 153 000c 1A42     		tst	r2, r3
 154 000e 03D1     		bne	.L10
 167:Src/stm32l0xx_it.c ****     HAL_I2C_ER_IRQHandler(&hi2c1);
 168:Src/stm32l0xx_it.c ****   } else {
 169:Src/stm32l0xx_it.c ****     HAL_I2C_EV_IRQHandler(&hi2c1);
 155              		.loc 1 169 0
 156 0010 0348     		ldr	r0, .L11
 157 0012 FFF7FEFF 		bl	HAL_I2C_EV_IRQHandler
 158              	.LVL1:
 159              	.L7:
 170:Src/stm32l0xx_it.c ****   }
 171:Src/stm32l0xx_it.c ****   /* USER CODE BEGIN I2C1_IRQn 1 */
 172:Src/stm32l0xx_it.c **** 
 173:Src/stm32l0xx_it.c ****   /* USER CODE END I2C1_IRQn 1 */
 174:Src/stm32l0xx_it.c **** }
 160              		.loc 1 174 0
 161              		@ sp needed
 162 0016 10BD     		pop	{r4, pc}
 163              	.L10:
 167:Src/stm32l0xx_it.c ****     HAL_I2C_ER_IRQHandler(&hi2c1);
 164              		.loc 1 167 0
 165 0018 0148     		ldr	r0, .L11
 166 001a FFF7FEFF 		bl	HAL_I2C_ER_IRQHandler
 167              	.LVL2:
 168 001e FAE7     		b	.L7
 169              	.L12:
 170              		.align	2
 171              	.L11:
 172 0020 00000000 		.word	hi2c1
 173              		.cfi_endproc
 174              	.LFE39:
 176              		.section	.text.USART2_IRQHandler,"ax",%progbits
 177              		.align	1
 178              		.global	USART2_IRQHandler
 179              		.syntax unified
ARM GAS  C:\Users\Nicolas\AppData\Local\Temp\ccTUVgXc.s 			page 7


 180              		.code	16
 181              		.thumb_func
 182              		.fpu softvfp
 184              	USART2_IRQHandler:
 185              	.LFB40:
 175:Src/stm32l0xx_it.c **** 
 176:Src/stm32l0xx_it.c **** /**
 177:Src/stm32l0xx_it.c ****   * @brief This function handles USART2 global interrupt / USART2 wake-up interrupt through EXTI li
 178:Src/stm32l0xx_it.c ****   */
 179:Src/stm32l0xx_it.c **** void USART2_IRQHandler(void)
 180:Src/stm32l0xx_it.c **** {
 186              		.loc 1 180 0
 187              		.cfi_startproc
 188              		@ args = 0, pretend = 0, frame = 0
 189              		@ frame_needed = 0, uses_anonymous_args = 0
 190 0000 10B5     		push	{r4, lr}
 191              	.LCFI2:
 192              		.cfi_def_cfa_offset 8
 193              		.cfi_offset 4, -8
 194              		.cfi_offset 14, -4
 181:Src/stm32l0xx_it.c ****   /* USER CODE BEGIN USART2_IRQn 0 */
 182:Src/stm32l0xx_it.c **** 
 183:Src/stm32l0xx_it.c ****   /* USER CODE END USART2_IRQn 0 */
 184:Src/stm32l0xx_it.c ****   HAL_UART_IRQHandler(&huart2);
 195              		.loc 1 184 0
 196 0002 0248     		ldr	r0, .L14
 197 0004 FFF7FEFF 		bl	HAL_UART_IRQHandler
 198              	.LVL3:
 185:Src/stm32l0xx_it.c ****   /* USER CODE BEGIN USART2_IRQn 1 */
 186:Src/stm32l0xx_it.c **** 
 187:Src/stm32l0xx_it.c ****   /* USER CODE END USART2_IRQn 1 */
 188:Src/stm32l0xx_it.c **** }
 199              		.loc 1 188 0
 200              		@ sp needed
 201 0008 10BD     		pop	{r4, pc}
 202              	.L15:
 203 000a C046     		.align	2
 204              	.L14:
 205 000c 00000000 		.word	huart2
 206              		.cfi_endproc
 207              	.LFE40:
 209              		.text
 210              	.Letext0:
 211              		.file 2 "c:\\program files (x86)\\gnu tools arm embedded\\7 2017-q4-major\\arm-none-eabi\\include\
 212              		.file 3 "c:\\program files (x86)\\gnu tools arm embedded\\7 2017-q4-major\\arm-none-eabi\\include\
 213              		.file 4 "Drivers/CMSIS/Device/ST/STM32L0xx/Include/system_stm32l0xx.h"
 214              		.file 5 "Drivers/CMSIS/Device/ST/STM32L0xx/Include/stm32l011xx.h"
 215              		.file 6 "Drivers/STM32L0xx_HAL_Driver/Inc/stm32l0xx_hal_def.h"
 216              		.file 7 "Drivers/STM32L0xx_HAL_Driver/Inc/stm32l0xx_hal_dma.h"
 217              		.file 8 "Drivers/STM32L0xx_HAL_Driver/Inc/stm32l0xx_hal_i2c.h"
 218              		.file 9 "Drivers/STM32L0xx_HAL_Driver/Inc/stm32l0xx_hal_uart.h"
 219              		.file 10 "Drivers/STM32L0xx_HAL_Driver/Inc/stm32l0xx_hal.h"
ARM GAS  C:\Users\Nicolas\AppData\Local\Temp\ccTUVgXc.s 			page 8


DEFINED SYMBOLS
                            *ABS*:00000000 stm32l0xx_it.c
C:\Users\Nicolas\AppData\Local\Temp\ccTUVgXc.s:16     .text.NMI_Handler:00000000 $t
C:\Users\Nicolas\AppData\Local\Temp\ccTUVgXc.s:23     .text.NMI_Handler:00000000 NMI_Handler
C:\Users\Nicolas\AppData\Local\Temp\ccTUVgXc.s:38     .text.HardFault_Handler:00000000 $t
C:\Users\Nicolas\AppData\Local\Temp\ccTUVgXc.s:45     .text.HardFault_Handler:00000000 HardFault_Handler
C:\Users\Nicolas\AppData\Local\Temp\ccTUVgXc.s:59     .text.SVC_Handler:00000000 $t
C:\Users\Nicolas\AppData\Local\Temp\ccTUVgXc.s:66     .text.SVC_Handler:00000000 SVC_Handler
C:\Users\Nicolas\AppData\Local\Temp\ccTUVgXc.s:80     .text.PendSV_Handler:00000000 $t
C:\Users\Nicolas\AppData\Local\Temp\ccTUVgXc.s:87     .text.PendSV_Handler:00000000 PendSV_Handler
C:\Users\Nicolas\AppData\Local\Temp\ccTUVgXc.s:101    .text.SysTick_Handler:00000000 $t
C:\Users\Nicolas\AppData\Local\Temp\ccTUVgXc.s:108    .text.SysTick_Handler:00000000 SysTick_Handler
C:\Users\Nicolas\AppData\Local\Temp\ccTUVgXc.s:129    .text.I2C1_IRQHandler:00000000 $t
C:\Users\Nicolas\AppData\Local\Temp\ccTUVgXc.s:136    .text.I2C1_IRQHandler:00000000 I2C1_IRQHandler
C:\Users\Nicolas\AppData\Local\Temp\ccTUVgXc.s:172    .text.I2C1_IRQHandler:00000020 $d
C:\Users\Nicolas\AppData\Local\Temp\ccTUVgXc.s:177    .text.USART2_IRQHandler:00000000 $t
C:\Users\Nicolas\AppData\Local\Temp\ccTUVgXc.s:184    .text.USART2_IRQHandler:00000000 USART2_IRQHandler
C:\Users\Nicolas\AppData\Local\Temp\ccTUVgXc.s:205    .text.USART2_IRQHandler:0000000c $d

UNDEFINED SYMBOLS
HAL_IncTick
HAL_I2C_EV_IRQHandler
HAL_I2C_ER_IRQHandler
hi2c1
HAL_UART_IRQHandler
huart2
